2024-09-15 15:10:23.734 INFO  [restartedMain] top.xym.springboot.thymeleaf.Application : Starting Application using Java 17.0.12 with PID 18860 (D:\Downloads\houduan\qiyehd2.0\spring-boot-practice\spring-boot-thymeleaf\target\classes started by 12862 in D:\Downloads\houduan\qiyehd2.0\spring-boot-practice)
2024-09-15 15:10:23.735 INFO  [restartedMain] top.xym.springboot.thymeleaf.Application : No active profile set, falling back to 1 default profile: "default"
2024-09-15 15:10:23.771 INFO  [restartedMain] org.springframework.boot.devtools.env.DevToolsPropertyDefaultsPostProcessor : Devtools property defaults active! Set 'spring.devtools.add-properties' to 'false' to disable
2024-09-15 15:10:23.771 INFO  [restartedMain] org.springframework.boot.devtools.env.DevToolsPropertyDefaultsPostProcessor : For additional web related logging consider setting the 'logging.level.web' property to 'DEBUG'
2024-09-15 15:10:24.347 INFO  [restartedMain] org.springframework.boot.web.embedded.tomcat.TomcatWebServer : Tomcat initialized with port 8080 (http)
2024-09-15 15:10:24.354 INFO  [restartedMain] org.apache.coyote.http11.Http11NioProtocol : Initializing ProtocolHandler ["http-nio-8080"]
2024-09-15 15:10:24.356 INFO  [restartedMain] org.apache.catalina.core.StandardService : Starting service [Tomcat]
2024-09-15 15:10:24.357 INFO  [restartedMain] org.apache.catalina.core.StandardEngine : Starting Servlet engine: [Apache Tomcat/10.1.28]
2024-09-15 15:10:24.398 INFO  [restartedMain] org.apache.catalina.core.ContainerBase.[Tomcat].[localhost].[/] : Initializing Spring embedded WebApplicationContext
2024-09-15 15:10:24.398 INFO  [restartedMain] org.springframework.boot.web.servlet.context.ServletWebServerApplicationContext : Root WebApplicationContext: initialization completed in 626 ms
2024-09-15 15:10:24.629 INFO  [restartedMain] org.springframework.boot.devtools.autoconfigure.OptionalLiveReloadServer : LiveReload server is running on port 35729
2024-09-15 15:10:24.638 INFO  [restartedMain] org.apache.coyote.http11.Http11NioProtocol : Starting ProtocolHandler ["http-nio-8080"]
2024-09-15 15:10:24.653 INFO  [restartedMain] org.springframework.boot.web.embedded.tomcat.TomcatWebServer : Tomcat started on port 8080 (http) with context path '/'
2024-09-15 15:10:24.663 INFO  [restartedMain] top.xym.springboot.thymeleaf.Application : Started Application in 1.303 seconds (process running for 1.816)
2024-09-15 15:12:03.961 INFO  [http-nio-8080-exec-1] org.apache.catalina.core.ContainerBase.[Tomcat].[localhost].[/] : Initializing Spring DispatcherServlet 'dispatcherServlet'
2024-09-15 15:12:03.961 INFO  [http-nio-8080-exec-1] org.springframework.web.servlet.DispatcherServlet : Initializing Servlet 'dispatcherServlet'
2024-09-15 15:12:03.962 INFO  [http-nio-8080-exec-1] org.springframework.web.servlet.DispatcherServlet : Completed initialization in 1 ms
2024-09-15 15:12:11.252 INFO  [http-nio-8080-exec-2] top.xym.springboot.thymeleaf.Controller.LogController : This is an INFO log
2024-09-15 15:12:11.252 WARN  [http-nio-8080-exec-2] top.xym.springboot.thymeleaf.Controller.LogController : This is an WARN log
2024-09-15 15:12:11.252 ERROR [http-nio-8080-exec-2] top.xym.springboot.thymeleaf.Controller.LogController : This is a ERROR log
2024-09-15 15:12:22.089 INFO  [restartedMain] top.xym.springboot.thymeleaf.Application : Starting Application using Java 17.0.12 with PID 30980 (D:\Downloads\houduan\qiyehd2.0\spring-boot-practice\spring-boot-thymeleaf\target\classes started by 12862 in D:\Downloads\houduan\qiyehd2.0\spring-boot-practice)
2024-09-15 15:12:22.090 INFO  [restartedMain] top.xym.springboot.thymeleaf.Application : No active profile set, falling back to 1 default profile: "default"
2024-09-15 15:12:22.123 INFO  [restartedMain] org.springframework.boot.devtools.env.DevToolsPropertyDefaultsPostProcessor : Devtools property defaults active! Set 'spring.devtools.add-properties' to 'false' to disable
2024-09-15 15:12:22.123 INFO  [restartedMain] org.springframework.boot.devtools.env.DevToolsPropertyDefaultsPostProcessor : For additional web related logging consider setting the 'logging.level.web' property to 'DEBUG'
2024-09-15 15:12:22.716 INFO  [restartedMain] org.springframework.boot.web.embedded.tomcat.TomcatWebServer : Tomcat initialized with port 8080 (http)
2024-09-15 15:12:22.723 INFO  [restartedMain] org.apache.coyote.http11.Http11NioProtocol : Initializing ProtocolHandler ["http-nio-8080"]
2024-09-15 15:12:22.725 INFO  [restartedMain] org.apache.catalina.core.StandardService : Starting service [Tomcat]
2024-09-15 15:12:22.725 INFO  [restartedMain] org.apache.catalina.core.StandardEngine : Starting Servlet engine: [Apache Tomcat/10.1.28]
2024-09-15 15:12:22.762 INFO  [restartedMain] org.apache.catalina.core.ContainerBase.[Tomcat].[localhost].[/] : Initializing Spring embedded WebApplicationContext
2024-09-15 15:12:22.762 INFO  [restartedMain] org.springframework.boot.web.servlet.context.ServletWebServerApplicationContext : Root WebApplicationContext: initialization completed in 638 ms
2024-09-15 15:12:22.994 INFO  [restartedMain] org.springframework.boot.devtools.autoconfigure.OptionalLiveReloadServer : LiveReload server is running on port 35729
2024-09-15 15:12:23.003 INFO  [restartedMain] org.apache.coyote.http11.Http11NioProtocol : Starting ProtocolHandler ["http-nio-8080"]
2024-09-15 15:12:23.019 INFO  [restartedMain] org.springframework.boot.web.embedded.tomcat.TomcatWebServer : Tomcat started on port 8080 (http) with context path '/'
2024-09-15 15:12:23.026 INFO  [restartedMain] top.xym.springboot.thymeleaf.Application : Started Application in 1.303 seconds (process running for 1.81)
2024-09-15 15:12:50.615 INFO  [http-nio-8080-exec-1] org.apache.catalina.core.ContainerBase.[Tomcat].[localhost].[/] : Initializing Spring DispatcherServlet 'dispatcherServlet'
2024-09-15 15:12:50.616 INFO  [http-nio-8080-exec-1] org.springframework.web.servlet.DispatcherServlet : Initializing Servlet 'dispatcherServlet'
2024-09-15 15:12:50.617 INFO  [http-nio-8080-exec-1] org.springframework.web.servlet.DispatcherServlet : Completed initialization in 1 ms
2024-09-15 15:12:50.644 INFO  [http-nio-8080-exec-1] top.xym.springboot.thymeleaf.Controller.LogController : This is an INFO log
2024-09-15 15:12:50.645 WARN  [http-nio-8080-exec-1] top.xym.springboot.thymeleaf.Controller.LogController : This is an WARN log
2024-09-15 15:12:50.645 ERROR [http-nio-8080-exec-1] top.xym.springboot.thymeleaf.Controller.LogController : This is a ERROR log
2024-09-15 15:16:20.982 INFO  [restartedMain] top.xym.springboot.thymeleaf.Application : Starting Application using Java 17.0.12 with PID 13236 (D:\Downloads\houduan\qiyehd2.0\spring-boot-practice\spring-boot-thymeleaf\target\classes started by 12862 in D:\Downloads\houduan\qiyehd2.0\spring-boot-practice)
2024-09-15 15:16:20.983 INFO  [restartedMain] top.xym.springboot.thymeleaf.Application : No active profile set, falling back to 1 default profile: "default"
2024-09-15 15:16:21.022 INFO  [restartedMain] org.springframework.boot.devtools.env.DevToolsPropertyDefaultsPostProcessor : Devtools property defaults active! Set 'spring.devtools.add-properties' to 'false' to disable
2024-09-15 15:16:21.022 INFO  [restartedMain] org.springframework.boot.devtools.env.DevToolsPropertyDefaultsPostProcessor : For additional web related logging consider setting the 'logging.level.web' property to 'DEBUG'
2024-09-15 15:16:21.608 INFO  [restartedMain] org.springframework.boot.web.embedded.tomcat.TomcatWebServer : Tomcat initialized with port 8080 (http)
2024-09-15 15:16:21.615 INFO  [restartedMain] org.apache.coyote.http11.Http11NioProtocol : Initializing ProtocolHandler ["http-nio-8080"]
2024-09-15 15:16:21.617 INFO  [restartedMain] org.apache.catalina.core.StandardService : Starting service [Tomcat]
2024-09-15 15:16:21.617 INFO  [restartedMain] org.apache.catalina.core.StandardEngine : Starting Servlet engine: [Apache Tomcat/10.1.28]
2024-09-15 15:16:21.656 INFO  [restartedMain] org.apache.catalina.core.ContainerBase.[Tomcat].[localhost].[/] : Initializing Spring embedded WebApplicationContext
2024-09-15 15:16:21.656 INFO  [restartedMain] org.springframework.boot.web.servlet.context.ServletWebServerApplicationContext : Root WebApplicationContext: initialization completed in 634 ms
2024-09-15 15:16:21.891 INFO  [restartedMain] org.springframework.boot.devtools.autoconfigure.OptionalLiveReloadServer : LiveReload server is running on port 35729
2024-09-15 15:16:21.900 INFO  [restartedMain] org.apache.coyote.http11.Http11NioProtocol : Starting ProtocolHandler ["http-nio-8080"]
2024-09-15 15:16:21.917 INFO  [restartedMain] org.springframework.boot.web.embedded.tomcat.TomcatWebServer : Tomcat started on port 8080 (http) with context path '/'
2024-09-15 15:16:21.923 INFO  [restartedMain] top.xym.springboot.thymeleaf.Application : Started Application in 1.335 seconds (process running for 1.876)
2024-09-15 15:22:43.742 INFO  [restartedMain] top.xym.springboot.thymeleaf.Application : Starting Application using Java 17.0.12 with PID 14264 (D:\Downloads\houduan\qiyehd2.0\spring-boot-practice\spring-boot-thymeleaf\target\classes started by 12862 in D:\Downloads\houduan\qiyehd2.0\spring-boot-practice)
2024-09-15 15:22:43.743 INFO  [restartedMain] top.xym.springboot.thymeleaf.Application : No active profile set, falling back to 1 default profile: "default"
2024-09-15 15:22:43.783 INFO  [restartedMain] org.springframework.boot.devtools.env.DevToolsPropertyDefaultsPostProcessor : Devtools property defaults active! Set 'spring.devtools.add-properties' to 'false' to disable
2024-09-15 15:22:43.783 INFO  [restartedMain] org.springframework.boot.devtools.env.DevToolsPropertyDefaultsPostProcessor : For additional web related logging consider setting the 'logging.level.web' property to 'DEBUG'
2024-09-15 15:22:44.399 INFO  [restartedMain] org.springframework.boot.web.embedded.tomcat.TomcatWebServer : Tomcat initialized with port 8080 (http)
2024-09-15 15:22:44.406 INFO  [restartedMain] org.apache.coyote.http11.Http11NioProtocol : Initializing ProtocolHandler ["http-nio-8080"]
2024-09-15 15:22:44.408 INFO  [restartedMain] org.apache.catalina.core.StandardService : Starting service [Tomcat]
2024-09-15 15:22:44.408 INFO  [restartedMain] org.apache.catalina.core.StandardEngine : Starting Servlet engine: [Apache Tomcat/10.1.28]
2024-09-15 15:22:44.448 INFO  [restartedMain] org.apache.catalina.core.ContainerBase.[Tomcat].[localhost].[/] : Initializing Spring embedded WebApplicationContext
2024-09-15 15:22:44.448 INFO  [restartedMain] org.springframework.boot.web.servlet.context.ServletWebServerApplicationContext : Root WebApplicationContext: initialization completed in 665 ms
2024-09-15 15:22:44.686 INFO  [restartedMain] org.springframework.boot.devtools.autoconfigure.OptionalLiveReloadServer : LiveReload server is running on port 35729
2024-09-15 15:22:44.695 INFO  [restartedMain] org.apache.coyote.http11.Http11NioProtocol : Starting ProtocolHandler ["http-nio-8080"]
2024-09-15 15:22:44.714 INFO  [restartedMain] org.springframework.boot.web.embedded.tomcat.TomcatWebServer : Tomcat started on port 8080 (http) with context path '/'
2024-09-15 15:22:44.721 INFO  [restartedMain] top.xym.springboot.thymeleaf.Application : Started Application in 1.387 seconds (process running for 1.969)
2024-09-15 15:23:23.003 INFO  [restartedMain] top.xym.springboot.thymeleaf.Application : Starting Application using Java 17.0.12 with PID 19168 (D:\Downloads\houduan\qiyehd2.0\spring-boot-practice\spring-boot-thymeleaf\target\classes started by 12862 in D:\Downloads\houduan\qiyehd2.0\spring-boot-practice)
2024-09-15 15:23:23.005 INFO  [restartedMain] top.xym.springboot.thymeleaf.Application : No active profile set, falling back to 1 default profile: "default"
2024-09-15 15:23:23.039 INFO  [restartedMain] org.springframework.boot.devtools.env.DevToolsPropertyDefaultsPostProcessor : Devtools property defaults active! Set 'spring.devtools.add-properties' to 'false' to disable
2024-09-15 15:23:23.039 INFO  [restartedMain] org.springframework.boot.devtools.env.DevToolsPropertyDefaultsPostProcessor : For additional web related logging consider setting the 'logging.level.web' property to 'DEBUG'
2024-09-15 15:23:23.634 INFO  [restartedMain] org.springframework.boot.web.embedded.tomcat.TomcatWebServer : Tomcat initialized with port 8080 (http)
2024-09-15 15:23:23.640 INFO  [restartedMain] org.apache.coyote.http11.Http11NioProtocol : Initializing ProtocolHandler ["http-nio-8080"]
2024-09-15 15:23:23.643 INFO  [restartedMain] org.apache.catalina.core.StandardService : Starting service [Tomcat]
2024-09-15 15:23:23.643 INFO  [restartedMain] org.apache.catalina.core.StandardEngine : Starting Servlet engine: [Apache Tomcat/10.1.28]
2024-09-15 15:23:23.682 INFO  [restartedMain] org.apache.catalina.core.ContainerBase.[Tomcat].[localhost].[/] : Initializing Spring embedded WebApplicationContext
2024-09-15 15:23:23.682 INFO  [restartedMain] org.springframework.boot.web.servlet.context.ServletWebServerApplicationContext : Root WebApplicationContext: initialization completed in 643 ms
2024-09-15 15:23:23.919 INFO  [restartedMain] org.springframework.boot.devtools.autoconfigure.OptionalLiveReloadServer : LiveReload server is running on port 35729
2024-09-15 15:23:23.929 INFO  [restartedMain] org.apache.coyote.http11.Http11NioProtocol : Starting ProtocolHandler ["http-nio-8080"]
2024-09-15 15:23:23.946 INFO  [restartedMain] org.springframework.boot.web.embedded.tomcat.TomcatWebServer : Tomcat started on port 8080 (http) with context path '/'
2024-09-15 15:23:23.953 INFO  [restartedMain] top.xym.springboot.thymeleaf.Application : Started Application in 1.316 seconds (process running for 1.853)
2024-09-15 15:23:53.483 INFO  [http-nio-8080-exec-1] org.apache.catalina.core.ContainerBase.[Tomcat].[localhost].[/] : Initializing Spring DispatcherServlet 'dispatcherServlet'
2024-09-15 15:23:53.483 INFO  [http-nio-8080-exec-1] org.springframework.web.servlet.DispatcherServlet : Initializing Servlet 'dispatcherServlet'
2024-09-15 15:23:53.484 INFO  [http-nio-8080-exec-1] org.springframework.web.servlet.DispatcherServlet : Completed initialization in 1 ms
2024-09-15 15:23:53.505 INFO  [http-nio-8080-exec-1] top.xym.springboot.thymeleaf.Controller.LogController : This is an INFO log
2024-09-15 15:23:53.505 WARN  [http-nio-8080-exec-1] top.xym.springboot.thymeleaf.Controller.LogController : This is an WARN log
2024-09-15 15:23:53.505 ERROR [http-nio-8080-exec-1] top.xym.springboot.thymeleaf.Controller.LogController : This is a ERROR log
2024-09-15 15:24:59.513 INFO  [http-nio-8080-exec-3] top.xym.springboot.thymeleaf.Controller.LogController : This is an INFO log
2024-09-15 15:24:59.513 WARN  [http-nio-8080-exec-3] top.xym.springboot.thymeleaf.Controller.LogController : This is an WARN log
2024-09-15 15:24:59.513 ERROR [http-nio-8080-exec-3] top.xym.springboot.thymeleaf.Controller.LogController : This is a ERROR log
2024-09-15 15:42:18.381 INFO  [restartedMain] top.xym.springboot.thymeleaf.Application : Starting Application using Java 17.0.12 with PID 17328 (D:\Downloads\houduan\qiyehd2.0\spring-boot-practice\spring-boot-thymeleaf\target\classes started by 12862 in D:\Downloads\houduan\qiyehd2.0\spring-boot-practice)
2024-09-15 15:42:18.382 INFO  [restartedMain] top.xym.springboot.thymeleaf.Application : No active profile set, falling back to 1 default profile: "default"
2024-09-15 15:42:18.418 INFO  [restartedMain] org.springframework.boot.devtools.env.DevToolsPropertyDefaultsPostProcessor : Devtools property defaults active! Set 'spring.devtools.add-properties' to 'false' to disable
2024-09-15 15:42:18.418 INFO  [restartedMain] org.springframework.boot.devtools.env.DevToolsPropertyDefaultsPostProcessor : For additional web related logging consider setting the 'logging.level.web' property to 'DEBUG'
2024-09-15 15:42:19.067 INFO  [restartedMain] org.springframework.boot.web.embedded.tomcat.TomcatWebServer : Tomcat initialized with port 8080 (http)
2024-09-15 15:42:19.075 INFO  [restartedMain] org.apache.coyote.http11.Http11NioProtocol : Initializing ProtocolHandler ["http-nio-8080"]
2024-09-15 15:42:19.077 INFO  [restartedMain] org.apache.catalina.core.StandardService : Starting service [Tomcat]
2024-09-15 15:42:19.078 INFO  [restartedMain] org.apache.catalina.core.StandardEngine : Starting Servlet engine: [Apache Tomcat/10.1.28]
2024-09-15 15:42:19.116 INFO  [restartedMain] org.apache.catalina.core.ContainerBase.[Tomcat].[localhost].[/] : Initializing Spring embedded WebApplicationContext
2024-09-15 15:42:19.116 INFO  [restartedMain] org.springframework.boot.web.servlet.context.ServletWebServerApplicationContext : Root WebApplicationContext: initialization completed in 697 ms
2024-09-15 15:42:19.389 INFO  [restartedMain] org.springframework.boot.devtools.autoconfigure.OptionalLiveReloadServer : LiveReload server is running on port 35729
2024-09-15 15:42:19.401 INFO  [restartedMain] org.apache.coyote.http11.Http11NioProtocol : Starting ProtocolHandler ["http-nio-8080"]
2024-09-15 15:42:19.420 INFO  [restartedMain] org.springframework.boot.web.embedded.tomcat.TomcatWebServer : Tomcat started on port 8080 (http) with context path '/'
2024-09-15 15:42:19.426 INFO  [restartedMain] top.xym.springboot.thymeleaf.Application : Started Application in 1.447 seconds (process running for 2.019)
2024-09-15 15:42:33.618 INFO  [restartedMain] top.xym.springboot.thymeleaf.Application : Starting Application using Java 17.0.12 with PID 9860 (D:\Downloads\houduan\qiyehd2.0\spring-boot-practice\spring-boot-thymeleaf\target\classes started by 12862 in D:\Downloads\houduan\qiyehd2.0\spring-boot-practice)
2024-09-15 15:42:33.619 INFO  [restartedMain] top.xym.springboot.thymeleaf.Application : No active profile set, falling back to 1 default profile: "default"
2024-09-15 15:42:33.652 INFO  [restartedMain] org.springframework.boot.devtools.env.DevToolsPropertyDefaultsPostProcessor : Devtools property defaults active! Set 'spring.devtools.add-properties' to 'false' to disable
2024-09-15 15:42:33.652 INFO  [restartedMain] org.springframework.boot.devtools.env.DevToolsPropertyDefaultsPostProcessor : For additional web related logging consider setting the 'logging.level.web' property to 'DEBUG'
2024-09-15 15:42:34.253 INFO  [restartedMain] org.springframework.boot.web.embedded.tomcat.TomcatWebServer : Tomcat initialized with port 8080 (http)
2024-09-15 15:42:34.260 INFO  [restartedMain] org.apache.coyote.http11.Http11NioProtocol : Initializing ProtocolHandler ["http-nio-8080"]
2024-09-15 15:42:34.262 INFO  [restartedMain] org.apache.catalina.core.StandardService : Starting service [Tomcat]
2024-09-15 15:42:34.262 INFO  [restartedMain] org.apache.catalina.core.StandardEngine : Starting Servlet engine: [Apache Tomcat/10.1.28]
2024-09-15 15:42:34.297 INFO  [restartedMain] org.apache.catalina.core.ContainerBase.[Tomcat].[localhost].[/] : Initializing Spring embedded WebApplicationContext
2024-09-15 15:42:34.297 INFO  [restartedMain] org.springframework.boot.web.servlet.context.ServletWebServerApplicationContext : Root WebApplicationContext: initialization completed in 645 ms
2024-09-15 15:42:34.532 INFO  [restartedMain] org.springframework.boot.devtools.autoconfigure.OptionalLiveReloadServer : LiveReload server is running on port 35729
2024-09-15 15:42:34.544 INFO  [restartedMain] org.apache.coyote.http11.Http11NioProtocol : Starting ProtocolHandler ["http-nio-8080"]
2024-09-15 15:42:34.562 INFO  [restartedMain] org.springframework.boot.web.embedded.tomcat.TomcatWebServer : Tomcat started on port 8080 (http) with context path '/'
2024-09-15 15:42:34.569 INFO  [restartedMain] top.xym.springboot.thymeleaf.Application : Started Application in 1.31 seconds (process running for 1.82)
2024-09-15 15:42:41.128 INFO  [restartedMain] top.xym.springboot.thymeleaf.Application : Starting Application using Java 17.0.12 with PID 27228 (D:\Downloads\houduan\qiyehd2.0\spring-boot-practice\spring-boot-thymeleaf\target\classes started by 12862 in D:\Downloads\houduan\qiyehd2.0\spring-boot-practice)
2024-09-15 15:42:41.131 INFO  [restartedMain] top.xym.springboot.thymeleaf.Application : No active profile set, falling back to 1 default profile: "default"
2024-09-15 15:42:41.167 INFO  [restartedMain] org.springframework.boot.devtools.env.DevToolsPropertyDefaultsPostProcessor : Devtools property defaults active! Set 'spring.devtools.add-properties' to 'false' to disable
2024-09-15 15:42:41.167 INFO  [restartedMain] org.springframework.boot.devtools.env.DevToolsPropertyDefaultsPostProcessor : For additional web related logging consider setting the 'logging.level.web' property to 'DEBUG'
2024-09-15 15:42:41.769 INFO  [restartedMain] org.springframework.boot.web.embedded.tomcat.TomcatWebServer : Tomcat initialized with port 8080 (http)
2024-09-15 15:42:41.776 INFO  [restartedMain] org.apache.coyote.http11.Http11NioProtocol : Initializing ProtocolHandler ["http-nio-8080"]
2024-09-15 15:42:41.778 INFO  [restartedMain] org.apache.catalina.core.StandardService : Starting service [Tomcat]
2024-09-15 15:42:41.778 INFO  [restartedMain] org.apache.catalina.core.StandardEngine : Starting Servlet engine: [Apache Tomcat/10.1.28]
2024-09-15 15:42:41.815 INFO  [restartedMain] org.apache.catalina.core.ContainerBase.[Tomcat].[localhost].[/] : Initializing Spring embedded WebApplicationContext
2024-09-15 15:42:41.815 INFO  [restartedMain] org.springframework.boot.web.servlet.context.ServletWebServerApplicationContext : Root WebApplicationContext: initialization completed in 648 ms
2024-09-15 15:42:42.049 INFO  [restartedMain] org.springframework.boot.devtools.autoconfigure.OptionalLiveReloadServer : LiveReload server is running on port 35729
2024-09-15 15:42:42.058 INFO  [restartedMain] org.apache.coyote.http11.Http11NioProtocol : Starting ProtocolHandler ["http-nio-8080"]
2024-09-15 15:42:42.075 INFO  [restartedMain] org.springframework.boot.web.embedded.tomcat.TomcatWebServer : Tomcat started on port 8080 (http) with context path '/'
2024-09-15 15:42:42.080 INFO  [restartedMain] top.xym.springboot.thymeleaf.Application : Started Application in 1.366 seconds (process running for 1.895)
2024-09-15 15:42:58.760 INFO  [http-nio-8080-exec-1] org.apache.catalina.core.ContainerBase.[Tomcat].[localhost].[/] : Initializing Spring DispatcherServlet 'dispatcherServlet'
2024-09-15 15:42:58.761 INFO  [http-nio-8080-exec-1] org.springframework.web.servlet.DispatcherServlet : Initializing Servlet 'dispatcherServlet'
2024-09-15 15:42:58.761 INFO  [http-nio-8080-exec-1] org.springframework.web.servlet.DispatcherServlet : Completed initialization in 0 ms
2024-09-15 15:42:58.779 INFO  [http-nio-8080-exec-1] top.xym.springboot.thymeleaf.Controller.LogController : This is an INFO log
2024-09-15 15:42:58.780 WARN  [http-nio-8080-exec-1] top.xym.springboot.thymeleaf.Controller.LogController : This is an WARN log
2024-09-15 15:42:58.780 ERROR [http-nio-8080-exec-1] top.xym.springboot.thymeleaf.Controller.LogController : This is a ERROR log
2024-09-15 15:43:06.142 INFO  [restartedMain] top.xym.springboot.thymeleaf.Application : Starting Application using Java 17.0.12 with PID 15956 (D:\Downloads\houduan\qiyehd2.0\spring-boot-practice\spring-boot-thymeleaf\target\classes started by 12862 in D:\Downloads\houduan\qiyehd2.0\spring-boot-practice)
2024-09-15 15:43:06.144 INFO  [restartedMain] top.xym.springboot.thymeleaf.Application : No active profile set, falling back to 1 default profile: "default"
2024-09-15 15:43:06.177 INFO  [restartedMain] org.springframework.boot.devtools.env.DevToolsPropertyDefaultsPostProcessor : Devtools property defaults active! Set 'spring.devtools.add-properties' to 'false' to disable
2024-09-15 15:43:06.177 INFO  [restartedMain] org.springframework.boot.devtools.env.DevToolsPropertyDefaultsPostProcessor : For additional web related logging consider setting the 'logging.level.web' property to 'DEBUG'
2024-09-15 15:43:06.762 INFO  [restartedMain] org.springframework.boot.web.embedded.tomcat.TomcatWebServer : Tomcat initialized with port 8080 (http)
2024-09-15 15:43:06.768 INFO  [restartedMain] org.apache.coyote.http11.Http11NioProtocol : Initializing ProtocolHandler ["http-nio-8080"]
2024-09-15 15:43:06.771 INFO  [restartedMain] org.apache.catalina.core.StandardService : Starting service [Tomcat]
2024-09-15 15:43:06.771 INFO  [restartedMain] org.apache.catalina.core.StandardEngine : Starting Servlet engine: [Apache Tomcat/10.1.28]
2024-09-15 15:43:06.811 INFO  [restartedMain] org.apache.catalina.core.ContainerBase.[Tomcat].[localhost].[/] : Initializing Spring embedded WebApplicationContext
2024-09-15 15:43:06.811 INFO  [restartedMain] org.springframework.boot.web.servlet.context.ServletWebServerApplicationContext : Root WebApplicationContext: initialization completed in 633 ms
2024-09-15 15:43:07.048 INFO  [restartedMain] org.springframework.boot.devtools.autoconfigure.OptionalLiveReloadServer : LiveReload server is running on port 35729
2024-09-15 15:43:07.058 INFO  [restartedMain] org.apache.coyote.http11.Http11NioProtocol : Starting ProtocolHandler ["http-nio-8080"]
2024-09-15 15:43:07.077 INFO  [restartedMain] org.springframework.boot.web.embedded.tomcat.TomcatWebServer : Tomcat started on port 8080 (http) with context path '/'
2024-09-15 15:43:07.083 INFO  [restartedMain] top.xym.springboot.thymeleaf.Application : Started Application in 1.307 seconds (process running for 1.876)
2024-09-15 15:44:04.598 INFO  [http-nio-8080-exec-1] org.apache.catalina.core.ContainerBase.[Tomcat].[localhost].[/] : Initializing Spring DispatcherServlet 'dispatcherServlet'
2024-09-15 15:44:04.599 INFO  [http-nio-8080-exec-1] org.springframework.web.servlet.DispatcherServlet : Initializing Servlet 'dispatcherServlet'
2024-09-15 15:44:04.599 INFO  [http-nio-8080-exec-1] org.springframework.web.servlet.DispatcherServlet : Completed initialization in 0 ms
2024-09-15 15:44:04.619 INFO  [http-nio-8080-exec-1] top.xym.springboot.thymeleaf.Controller.LogController : This is an INFO log
2024-09-15 15:44:04.619 WARN  [http-nio-8080-exec-1] top.xym.springboot.thymeleaf.Controller.LogController : This is an WARN log
2024-09-15 15:44:04.619 ERROR [http-nio-8080-exec-1] top.xym.springboot.thymeleaf.Controller.LogController : This is a ERROR log
2024-09-15 15:45:47.523 INFO  [restartedMain] top.xym.springboot.thymeleaf.Application : Starting Application using Java 17.0.12 with PID 6992 (D:\Downloads\houduan\qiyehd2.0\spring-boot-practice\spring-boot-thymeleaf\target\classes started by 12862 in D:\Downloads\houduan\qiyehd2.0\spring-boot-practice)
2024-09-15 15:45:47.524 INFO  [restartedMain] top.xym.springboot.thymeleaf.Application : No active profile set, falling back to 1 default profile: "default"
2024-09-15 15:45:47.560 INFO  [restartedMain] org.springframework.boot.devtools.env.DevToolsPropertyDefaultsPostProcessor : Devtools property defaults active! Set 'spring.devtools.add-properties' to 'false' to disable
2024-09-15 15:45:47.560 INFO  [restartedMain] org.springframework.boot.devtools.env.DevToolsPropertyDefaultsPostProcessor : For additional web related logging consider setting the 'logging.level.web' property to 'DEBUG'
2024-09-15 15:45:48.207 INFO  [restartedMain] org.springframework.boot.web.embedded.tomcat.TomcatWebServer : Tomcat initialized with port 8080 (http)
2024-09-15 15:45:48.216 INFO  [restartedMain] org.apache.coyote.http11.Http11NioProtocol : Initializing ProtocolHandler ["http-nio-8080"]
2024-09-15 15:45:48.219 INFO  [restartedMain] org.apache.catalina.core.StandardService : Starting service [Tomcat]
2024-09-15 15:45:48.219 INFO  [restartedMain] org.apache.catalina.core.StandardEngine : Starting Servlet engine: [Apache Tomcat/10.1.28]
2024-09-15 15:45:48.258 INFO  [restartedMain] org.apache.catalina.core.ContainerBase.[Tomcat].[localhost].[/] : Initializing Spring embedded WebApplicationContext
2024-09-15 15:45:48.258 INFO  [restartedMain] org.springframework.boot.web.servlet.context.ServletWebServerApplicationContext : Root WebApplicationContext: initialization completed in 697 ms
2024-09-15 15:45:48.522 INFO  [restartedMain] org.springframework.boot.devtools.autoconfigure.OptionalLiveReloadServer : LiveReload server is running on port 35729
2024-09-15 15:45:48.533 INFO  [restartedMain] org.apache.coyote.http11.Http11NioProtocol : Starting ProtocolHandler ["http-nio-8080"]
2024-09-15 15:45:48.552 INFO  [restartedMain] org.springframework.boot.web.embedded.tomcat.TomcatWebServer : Tomcat started on port 8080 (http) with context path '/'
2024-09-15 15:45:48.559 INFO  [restartedMain] top.xym.springboot.thymeleaf.Application : Started Application in 1.427 seconds (process running for 2.068)
2024-09-15 15:45:58.416 INFO  [http-nio-8080-exec-1] org.apache.catalina.core.ContainerBase.[Tomcat].[localhost].[/] : Initializing Spring DispatcherServlet 'dispatcherServlet'
2024-09-15 15:45:58.416 INFO  [http-nio-8080-exec-1] org.springframework.web.servlet.DispatcherServlet : Initializing Servlet 'dispatcherServlet'
2024-09-15 15:45:58.417 INFO  [http-nio-8080-exec-1] org.springframework.web.servlet.DispatcherServlet : Completed initialization in 1 ms
2024-09-15 15:45:58.437 INFO  [http-nio-8080-exec-1] top.xym.springboot.thymeleaf.Controller.LogController : This is an INFO log
2024-09-15 15:45:58.437 WARN  [http-nio-8080-exec-1] top.xym.springboot.thymeleaf.Controller.LogController : This is an WARN log
2024-09-15 15:45:58.437 ERROR [http-nio-8080-exec-1] top.xym.springboot.thymeleaf.Controller.LogController : This is a ERROR log
2024-09-15 15:50:06.997 INFO  [restartedMain] top.xym.springboot.thymeleaf.Application : Starting Application using Java 17.0.12 with PID 9224 (D:\Downloads\houduan\qiyehd2.0\spring-boot-practice\spring-boot-thymeleaf\target\classes started by 12862 in D:\Downloads\houduan\qiyehd2.0\spring-boot-practice)
2024-09-15 15:50:06.998 INFO  [restartedMain] top.xym.springboot.thymeleaf.Application : No active profile set, falling back to 1 default profile: "default"
2024-09-15 15:50:07.032 INFO  [restartedMain] org.springframework.boot.devtools.env.DevToolsPropertyDefaultsPostProcessor : Devtools property defaults active! Set 'spring.devtools.add-properties' to 'false' to disable
2024-09-15 15:50:07.033 INFO  [restartedMain] org.springframework.boot.devtools.env.DevToolsPropertyDefaultsPostProcessor : For additional web related logging consider setting the 'logging.level.web' property to 'DEBUG'
2024-09-15 15:50:07.664 INFO  [restartedMain] org.springframework.boot.web.embedded.tomcat.TomcatWebServer : Tomcat initialized with port 8080 (http)
2024-09-15 15:50:07.673 INFO  [restartedMain] org.apache.coyote.http11.Http11NioProtocol : Initializing ProtocolHandler ["http-nio-8080"]
2024-09-15 15:50:07.675 INFO  [restartedMain] org.apache.catalina.core.StandardService : Starting service [Tomcat]
2024-09-15 15:50:07.676 INFO  [restartedMain] org.apache.catalina.core.StandardEngine : Starting Servlet engine: [Apache Tomcat/10.1.28]
2024-09-15 15:50:07.715 INFO  [restartedMain] org.apache.catalina.core.ContainerBase.[Tomcat].[localhost].[/] : Initializing Spring embedded WebApplicationContext
2024-09-15 15:50:07.715 INFO  [restartedMain] org.springframework.boot.web.servlet.context.ServletWebServerApplicationContext : Root WebApplicationContext: initialization completed in 681 ms
2024-09-15 15:50:07.981 INFO  [restartedMain] org.springframework.boot.devtools.autoconfigure.OptionalLiveReloadServer : LiveReload server is running on port 35729
2024-09-15 15:50:07.990 INFO  [restartedMain] org.apache.coyote.http11.Http11NioProtocol : Starting ProtocolHandler ["http-nio-8080"]
2024-09-15 15:50:08.009 INFO  [restartedMain] org.springframework.boot.web.embedded.tomcat.TomcatWebServer : Tomcat started on port 8080 (http) with context path '/'
2024-09-15 15:50:08.016 INFO  [restartedMain] top.xym.springboot.thymeleaf.Application : Started Application in 1.403 seconds (process running for 1.946)
2024-09-15 15:50:14.527 INFO  [http-nio-8080-exec-1] org.apache.catalina.core.ContainerBase.[Tomcat].[localhost].[/] : Initializing Spring DispatcherServlet 'dispatcherServlet'
2024-09-15 15:50:14.527 INFO  [http-nio-8080-exec-1] org.springframework.web.servlet.DispatcherServlet : Initializing Servlet 'dispatcherServlet'
2024-09-15 15:50:14.528 INFO  [http-nio-8080-exec-1] org.springframework.web.servlet.DispatcherServlet : Completed initialization in 1 ms
2024-09-15 15:50:14.548 INFO  [http-nio-8080-exec-1] top.xym.springboot.thymeleaf.Controller.LogController : This is an INFO log
2024-09-15 15:50:14.549 WARN  [http-nio-8080-exec-1] top.xym.springboot.thymeleaf.Controller.LogController : This is an WARN log
2024-09-15 15:50:14.549 ERROR [http-nio-8080-exec-1] top.xym.springboot.thymeleaf.Controller.LogController : This is a ERROR log
2024-09-15 16:16:04.888 INFO  [restartedMain] top.xym.springboot.thymeleaf.Application : Starting Application using Java 17.0.12 with PID 22132 (D:\Downloads\houduan\qiyehd2.0\spring-boot-practice\spring-boot-thymeleaf\target\classes started by 12862 in D:\Downloads\houduan\qiyehd2.0\spring-boot-practice)
2024-09-15 16:16:04.890 INFO  [restartedMain] top.xym.springboot.thymeleaf.Application : No active profile set, falling back to 1 default profile: "default"
2024-09-15 16:16:04.924 INFO  [restartedMain] org.springframework.boot.devtools.env.DevToolsPropertyDefaultsPostProcessor : Devtools property defaults active! Set 'spring.devtools.add-properties' to 'false' to disable
2024-09-15 16:16:04.924 INFO  [restartedMain] org.springframework.boot.devtools.env.DevToolsPropertyDefaultsPostProcessor : For additional web related logging consider setting the 'logging.level.web' property to 'DEBUG'
2024-09-15 16:16:05.541 INFO  [restartedMain] org.springframework.boot.web.embedded.tomcat.TomcatWebServer : Tomcat initialized with port 8080 (http)
2024-09-15 16:16:05.550 INFO  [restartedMain] org.apache.coyote.http11.Http11NioProtocol : Initializing ProtocolHandler ["http-nio-8080"]
2024-09-15 16:16:05.552 INFO  [restartedMain] org.apache.catalina.core.StandardService : Starting service [Tomcat]
2024-09-15 16:16:05.552 INFO  [restartedMain] org.apache.catalina.core.StandardEngine : Starting Servlet engine: [Apache Tomcat/10.1.28]
2024-09-15 16:16:05.596 INFO  [restartedMain] org.apache.catalina.core.ContainerBase.[Tomcat].[localhost].[/] : Initializing Spring embedded WebApplicationContext
2024-09-15 16:16:05.596 INFO  [restartedMain] org.springframework.boot.web.servlet.context.ServletWebServerApplicationContext : Root WebApplicationContext: initialization completed in 672 ms
2024-09-15 16:16:05.868 INFO  [restartedMain] org.springframework.boot.devtools.autoconfigure.OptionalLiveReloadServer : LiveReload server is running on port 35729
2024-09-15 16:16:05.878 INFO  [restartedMain] org.apache.coyote.http11.Http11NioProtocol : Starting ProtocolHandler ["http-nio-8080"]
2024-09-15 16:16:05.896 INFO  [restartedMain] org.springframework.boot.web.embedded.tomcat.TomcatWebServer : Tomcat started on port 8080 (http) with context path '/'
2024-09-15 16:16:05.903 INFO  [restartedMain] top.xym.springboot.thymeleaf.Application : Started Application in 1.396 seconds (process running for 1.922)
2024-09-15 16:16:20.066 INFO  [http-nio-8080-exec-1] org.apache.catalina.core.ContainerBase.[Tomcat].[localhost].[/] : Initializing Spring DispatcherServlet 'dispatcherServlet'
2024-09-15 16:16:20.066 INFO  [http-nio-8080-exec-1] org.springframework.web.servlet.DispatcherServlet : Initializing Servlet 'dispatcherServlet'
2024-09-15 16:16:20.068 INFO  [http-nio-8080-exec-1] org.springframework.web.servlet.DispatcherServlet : Completed initialization in 0 ms
